<?xml version="1.0" encoding="UTF-8"?>
<!-- Generated by org.testng.reporters.JUnitReportReporter -->
<testsuite hostname="Renus-MacBook-Pro.local" failures="0" tests="1" name="com.amazonMarket.testCases.TC_HomePageTest_001" time="18.877" errors="0" timestamp="2022-05-22T19:17:47 PDT" skipped="0">
  <testcase classname="com.amazonMarket.testCases.TC_HomePageTest_001" name="HamburgerMenuTest" time="18.877"/>
  <system-out/>
</testsuite> <!-- com.amazonMarket.testCases.TC_HomePageTest_001 -->
